TN:
SF:src\clients\authClient.ts
FN:12,registrarUsuario
FNF:1
FNH:1
FNDA:4,registrarUsuario
DA:1,1
DA:2,1
DA:12,1
DA:13,4
DA:14,4
DA:15,4
DA:16,4
DA:17,4
DA:18,2
DA:19,2
LF:10
LH:10
BRDA:12,0,0,4
BRDA:17,1,0,2
BRF:2
BRH:2
end_of_record
TN:
SF:src\clients\employeeClient.ts
FN:5,getEmpleados
FNF:1
FNH:1
FNDA:6,getEmpleados
DA:1,1
DA:2,1
DA:5,1
DA:6,6
DA:7,6
DA:8,6
DA:9,6
DA:10,6
DA:11,6
DA:12,6
DA:13,6
DA:14,6
DA:15,6
LF:13
LH:13
BRDA:5,0,0,6
BRDA:13,1,0,5
BRDA:14,2,0,1
BRF:3
BRH:3
end_of_record
TN:
SF:src\clients\historyClient.ts
FN:15,registrarAccion
FN:23,obtenerAcciones
FN:35,obtenerCambios
FNF:3
FNH:3
FNDA:2,registrarAccion
FNDA:3,obtenerAcciones
FNDA:3,obtenerCambios
DA:1,1
DA:2,1
DA:15,1
DA:16,2
DA:17,2
DA:18,2
DA:19,1
DA:20,2
DA:21,2
DA:23,1
DA:24,3
DA:25,3
DA:26,3
DA:27,3
DA:28,3
DA:29,3
DA:30,3
DA:31,3
DA:32,3
DA:33,3
DA:35,1
DA:36,3
DA:37,3
DA:38,3
DA:39,3
DA:40,3
DA:41,3
DA:42,3
DA:43,3
DA:44,3
DA:45,3
LF:31
LH:31
BRDA:15,0,0,2
BRDA:18,1,0,1
BRDA:23,2,0,3
BRDA:31,3,0,2
BRDA:32,4,0,1
BRDA:35,5,0,3
BRDA:43,6,0,2
BRDA:44,7,0,1
BRF:8
BRH:8
end_of_record
TN:
SF:src\controller\auditoria.controller.ts
FN:6,<instance_members_initializer>
FNF:1
FNH:1
FNDA:7,<instance_members_initializer>
DA:3,1
DA:4,1
DA:6,1
DA:8,7
DA:9,3
DA:10,3
DA:11,3
DA:12,3
DA:13,3
DA:14,3
DA:15,3
DA:16,3
DA:18,3
DA:19,3
DA:20,2
DA:21,7
DA:24,7
DA:25,3
DA:26,3
DA:27,3
DA:28,3
DA:29,3
DA:30,3
DA:31,3
DA:32,3
DA:34,3
DA:35,3
DA:36,2
DA:37,7
DA:38,7
DA:40,1
LF:31
LH:31
BRDA:6,0,0,7
BRDA:8,1,0,3
BRDA:10,2,0,2
BRDA:11,3,0,1
BRDA:12,4,0,1
BRDA:13,5,0,1
BRDA:14,6,0,1
BRDA:15,7,0,1
BRDA:16,8,0,1
BRDA:18,9,0,0
BRDA:19,10,0,2
BRDA:24,11,0,3
BRDA:26,12,0,1
BRDA:27,13,0,1
BRDA:28,14,0,1
BRDA:29,15,0,1
BRDA:30,16,0,1
BRDA:31,17,0,1
BRDA:32,18,0,1
BRDA:34,19,0,0
BRDA:35,20,0,2
BRF:21
BRH:19
end_of_record
TN:
SF:src\controller\auth.controller.ts
FN:6,<instance_members_initializer>
FNF:1
FNH:1
FNDA:8,<instance_members_initializer>
DA:3,1
DA:4,1
DA:6,1
DA:8,8
DA:9,2
DA:10,1
DA:11,8
DA:14,8
DA:15,1
DA:16,1
DA:17,1
DA:18,1
DA:19,1
DA:20,1
DA:21,8
DA:24,8
DA:25,1
DA:26,1
DA:27,1
DA:28,8
DA:31,8
DA:32,1
DA:33,1
DA:34,1
DA:35,8
DA:38,8
DA:39,1
DA:40,1
DA:41,1
DA:42,1
DA:43,1
DA:44,1
DA:45,8
DA:48,8
DA:49,1
DA:50,1
DA:51,1
DA:52,8
DA:53,8
DA:55,1
LF:40
LH:40
BRDA:6,0,0,8
BRDA:8,1,0,2
BRDA:9,2,0,1
BRDA:14,3,0,1
BRDA:24,4,0,1
BRDA:31,5,0,1
BRDA:38,6,0,1
BRDA:48,7,0,1
BRF:8
BRH:8
end_of_record
TN:
SF:src\controller\empresa.controller.ts
FN:7,<instance_members_initializer>
FNF:1
FNH:1
FNDA:10,<instance_members_initializer>
DA:3,1
DA:4,1
DA:7,1
DA:9,10
DA:10,2
DA:11,2
DA:12,2
DA:13,2
DA:14,10
DA:17,10
DA:18,2
DA:19,1
DA:20,10
DA:23,10
DA:24,1
DA:25,1
DA:26,10
DA:29,10
DA:30,1
DA:31,1
DA:32,10
DA:35,10
DA:36,1
DA:37,1
DA:38,1
DA:39,10
DA:42,10
DA:43,1
DA:44,1
DA:45,10
DA:48,10
DA:49,1
DA:50,1
DA:51,1
DA:52,10
DA:53,10
DA:55,1
LF:37
LH:37
BRDA:7,0,0,10
BRDA:9,1,0,2
BRDA:10,2,0,1
BRDA:11,3,0,1
BRDA:17,4,0,2
BRDA:18,5,0,1
BRDA:23,6,0,1
BRDA:29,7,0,1
BRDA:35,8,0,1
BRDA:42,9,0,1
BRDA:48,10,0,1
BRDA:49,11,0,0
BRF:12
BRH:11
end_of_record
TN:
SF:src\middlewares\auth.middleware.ts
FN:10,verifySuperAdminToken
FN:34,verifyRegisterSecret
FNF:2
FNH:2
FNDA:5,verifySuperAdminToken
FNDA:3,verifyRegisterSecret
DA:2,1
DA:3,1
DA:4,1
DA:10,1
DA:11,5
DA:12,5
DA:13,5
DA:14,5
DA:15,5
DA:16,5
DA:17,2
DA:18,2
DA:20,3
DA:21,3
DA:22,3
DA:23,5
DA:24,1
DA:25,1
DA:26,1
DA:27,1
DA:28,1
DA:29,1
DA:30,1
DA:31,5
DA:34,1
DA:35,3
DA:36,3
DA:37,3
DA:38,3
DA:39,3
DA:40,3
DA:41,3
DA:42,2
DA:43,2
DA:44,1
DA:45,1
LF:36
LH:36
BRDA:10,0,0,5
BRDA:16,1,0,4
BRDA:16,2,0,2
BRDA:18,3,0,3
BRDA:23,4,0,1
BRDA:34,5,0,3
BRDA:41,6,0,2
BRDA:43,7,0,1
BRF:8
BRH:8
end_of_record
TN:
SF:src\middlewares\error-handler.middleware.ts
FN:4,errorHandler
FN:32,notFoundHandler
FNF:2
FNH:2
FNDA:6,errorHandler
FNDA:1,notFoundHandler
DA:2,1
DA:4,1
DA:5,6
DA:6,6
DA:7,6
DA:8,6
DA:9,6
DA:10,6
DA:11,4
DA:12,4
DA:13,4
DA:14,4
DA:15,4
DA:16,4
DA:17,4
DA:19,6
DA:21,6
DA:22,6
DA:23,6
DA:24,6
DA:25,6
DA:26,6
DA:27,6
DA:28,6
DA:29,6
DA:30,6
DA:32,1
DA:33,1
DA:34,1
LF:29
LH:29
BRDA:4,0,0,6
BRDA:10,1,0,4
BRDA:14,2,0,3
BRDA:17,3,0,2
BRDA:19,4,0,0
BRDA:27,5,0,1
BRDA:27,6,0,1
BRDA:32,7,0,1
BRF:8
BRH:7
end_of_record
TN:
SF:src\middlewares\validation.middleware.ts
FN:6,validateBody
FNF:1
FNH:1
FNDA:5,validateBody
DA:3,1
DA:5,1
DA:6,1
DA:7,5
DA:8,5
DA:9,5
DA:10,3
DA:11,5
DA:12,5
DA:13,3
DA:14,3
DA:15,3
DA:16,2
DA:17,2
DA:18,2
LF:15
LH:15
BRDA:6,0,0,5
BRDA:7,1,0,5
BRDA:9,2,0,3
BRDA:15,3,0,2
BRDA:10,4,0,5
BRF:5
BRH:5
end_of_record
TN:
SF:src\services\auditoria.service.ts
FN:4,obtenerAcciones
FN:17,obtenerCambios
FNF:2
FNH:2
FNDA:4,obtenerAcciones
FNDA:3,obtenerCambios
DA:1,1
DA:3,1
DA:4,1
DA:5,4
DA:6,4
DA:8,4
DA:9,4
DA:10,4
DA:11,1
DA:12,1
DA:14,4
DA:15,4
DA:17,1
DA:18,3
DA:19,3
DA:21,3
DA:22,3
DA:23,3
DA:24,1
DA:25,1
DA:27,3
DA:28,3
DA:29,1
LF:23
LH:23
BRDA:4,0,0,4
BRDA:9,1,0,3
BRDA:10,2,0,1
BRDA:17,3,0,3
BRDA:22,4,0,2
BRDA:23,5,0,1
BRF:6
BRH:6
end_of_record
TN:
SF:src\services\auth.service.ts
FN:16,register
FN:34,login
FN:98,refresh
FN:125,logout
FN:143,recoverPassword
FN:158,resetPassword
FNF:6
FNH:6
FNDA:2,register
FNDA:5,login
FNDA:5,refresh
FNDA:2,logout
FNDA:2,recoverPassword
FNDA:2,resetPassword
DA:1,1
DA:2,1
DA:3,1
DA:4,1
DA:5,1
DA:6,1
DA:7,1
DA:8,1
DA:9,1
DA:10,1
DA:11,1
DA:13,1
DA:15,1
DA:16,1
DA:20,2
DA:21,2
DA:22,2
DA:24,1
DA:25,1
DA:26,1
DA:27,1
DA:28,1
DA:29,1
DA:31,1
DA:32,2
DA:34,1
DA:39,5
DA:40,5
DA:42,5
DA:43,3
DA:44,3
DA:45,3
DA:46,3
DA:47,3
DA:48,3
DA:49,3
DA:50,3
DA:51,3
DA:52,3
DA:54,2
DA:55,5
DA:56,1
DA:57,1
DA:58,1
DA:59,1
DA:60,1
DA:61,1
DA:62,1
DA:63,1
DA:64,1
DA:65,1
DA:67,1
DA:68,1
DA:69,1
DA:70,1
DA:72,1
DA:73,1
DA:74,1
DA:75,1
DA:76,1
DA:77,1
DA:78,1
DA:80,1
DA:82,1
DA:83,1
DA:84,1
DA:85,1
DA:86,1
DA:87,1
DA:88,1
DA:89,1
DA:91,1
DA:92,1
DA:93,1
DA:94,1
DA:95,1
DA:96,5
DA:98,1
DA:99,5
DA:100,5
DA:102,5
DA:103,3
DA:104,3
DA:106,2
DA:107,5
DA:108,1
DA:109,1
DA:111,1
DA:113,1
DA:114,1
DA:115,1
DA:116,1
DA:117,1
DA:118,1
DA:119,1
DA:120,1
DA:122,1
DA:123,5
DA:125,1
DA:126,2
DA:127,2
DA:128,2
DA:130,2
DA:131,1
DA:132,1
DA:133,1
DA:134,1
DA:135,1
DA:136,1
DA:137,1
DA:138,1
DA:139,1
DA:140,1
DA:141,2
DA:143,1
DA:144,2
DA:145,2
DA:147,1
DA:148,1
DA:150,1
DA:151,1
DA:152,1
DA:153,1
DA:154,1
DA:155,1
DA:156,2
DA:158,1
DA:159,2
DA:160,2
DA:162,1
DA:163,1
DA:164,1
DA:165,1
DA:166,2
DA:167,1
LF:135
LH:135
BRDA:16,0,0,2
BRDA:22,1,0,1
BRDA:34,2,0,5
BRDA:42,3,0,3
BRDA:42,4,0,3
BRDA:52,5,0,2
BRDA:55,6,0,1
BRDA:98,7,0,5
BRDA:102,8,0,4
BRDA:102,9,0,3
BRDA:102,10,0,3
BRDA:104,11,0,2
BRDA:107,12,0,1
BRDA:125,13,0,2
BRDA:130,14,0,1
BRDA:143,15,0,2
BRDA:145,16,0,1
BRDA:158,17,0,2
BRDA:160,18,0,1
BRF:19
BRH:19
end_of_record
TN:
SF:src\services\email.service.ts
FN:4,escapeHtml
FN:13,<instance_members_initializer>
FN:16,EmailService
FN:25,enviarCredencialesAdmin
FN:55,enviarRecuperacionContrasena
FNF:5
FNH:5
FNDA:16,escapeHtml
FNDA:9,<instance_members_initializer>
FNDA:9,EmailService
FNDA:4,enviarCredencialesAdmin
FNDA:4,enviarRecuperacionContrasena
DA:1,1
DA:2,1
DA:4,16
DA:5,16
DA:6,16
DA:7,16
DA:8,16
DA:9,16
DA:10,16
DA:11,16
DA:13,1
DA:14,9
DA:16,9
DA:17,9
DA:18,1
DA:19,1
DA:20,1
DA:21,1
DA:22,1
DA:23,9
DA:25,9
DA:30,4
DA:31,4
DA:32,4
DA:33,4
DA:35,4
DA:36,4
DA:37,4
DA:38,4
DA:39,4
DA:40,4
DA:42,4
DA:44,4
DA:45,4
DA:49,4
DA:50,4
DA:51,1
DA:52,1
DA:53,4
DA:55,9
DA:59,4
DA:60,4
DA:61,4
DA:63,4
DA:64,4
DA:65,4
DA:66,4
DA:67,4
DA:68,4
DA:70,4
DA:73,4
DA:77,4
DA:80,4
DA:81,4
DA:82,1
DA:83,1
DA:84,4
DA:85,9
DA:87,1
LF:59
LH:59
BRDA:4,0,0,16
BRDA:13,1,0,9
BRDA:16,2,0,9
BRDA:17,3,0,1
BRDA:25,4,0,4
BRDA:49,5,0,3
BRDA:50,6,0,1
BRDA:55,7,0,4
BRDA:80,8,0,3
BRDA:81,9,0,1
BRF:10
BRH:10
end_of_record
TN:
SF:src\services\empresa.service.ts
FN:20,listar
FN:33,obtenerPorId
FN:40,crear
FN:91,actualizar
FN:102,actualizarEstado
FN:108,agregarAdmin
FN:146,listarEmpleados
FNF:7
FNH:7
FNDA:2,listar
FNDA:2,obtenerPorId
FNDA:3,crear
FNDA:2,actualizar
FNDA:2,actualizarEstado
FNDA:3,agregarAdmin
FNDA:3,listarEmpleados
DA:1,1
DA:2,1
DA:3,1
DA:4,1
DA:5,1
DA:6,1
DA:7,1
DA:8,1
DA:9,1
DA:12,1
DA:13,1
DA:14,1
DA:15,1
DA:16,1
DA:17,1
DA:19,1
DA:20,1
DA:21,2
DA:23,2
DA:24,2
DA:25,1
DA:26,1
DA:27,2
DA:28,2
DA:30,2
DA:31,2
DA:33,1
DA:34,2
DA:35,2
DA:36,1
DA:37,1
DA:38,2
DA:40,1
DA:46,3
DA:47,3
DA:48,3
DA:50,2
DA:53,3
DA:54,3
DA:56,3
DA:57,4
DA:58,4
DA:59,4
DA:61,4
DA:62,4
DA:63,4
DA:64,4
DA:65,4
DA:66,4
DA:67,4
DA:69,2
DA:70,2
DA:71,2
DA:72,2
DA:73,2
DA:75,2
DA:76,2
DA:77,2
DA:78,2
DA:79,2
DA:80,2
DA:82,2
DA:83,2
DA:84,2
DA:85,2
DA:86,4
DA:88,2
DA:89,3
DA:91,1
DA:96,2
DA:97,2
DA:98,2
DA:99,1
DA:100,2
DA:102,1
DA:103,2
DA:104,2
DA:105,1
DA:106,2
DA:108,1
DA:109,3
DA:110,3
DA:112,2
DA:113,3
DA:114,1
DA:115,1
DA:116,1
DA:117,1
DA:118,1
DA:119,1
DA:121,1
DA:123,1
DA:124,1
DA:125,1
DA:126,1
DA:127,1
DA:128,1
DA:130,1
DA:131,1
DA:132,1
DA:133,1
DA:134,1
DA:136,1
DA:137,1
DA:138,1
DA:139,1
DA:140,1
DA:141,1
DA:143,1
DA:144,3
DA:146,1
DA:147,3
DA:148,3
DA:150,2
DA:151,2
DA:152,2
DA:153,1
DA:154,1
DA:155,1
DA:157,2
DA:158,6
DA:159,6
DA:160,6
DA:161,1
DA:162,1
DA:163,6
DA:164,1
DA:165,1
DA:166,6
DA:167,2
DA:168,2
DA:169,2
DA:170,6
DA:171,1
DA:172,1
DA:173,6
DA:174,1
DA:175,6
DA:176,6
DA:177,2
DA:178,3
DA:179,1
LF:142
LH:142
BRDA:20,0,0,2
BRDA:24,1,0,1
BRDA:33,2,0,2
BRDA:35,3,0,1
BRDA:40,4,0,3
BRDA:48,5,0,1
BRDA:48,6,0,2
BRDA:53,7,0,0
BRDA:56,8,0,4
BRDA:67,9,0,2
BRDA:86,10,0,2
BRDA:91,11,0,2
BRDA:98,12,0,1
BRDA:102,13,0,2
BRDA:104,14,0,1
BRDA:108,15,0,3
BRDA:110,16,0,1
BRDA:110,17,0,2
BRDA:113,18,0,1
BRDA:146,19,0,3
BRDA:148,20,0,1
BRDA:148,21,0,2
BRDA:152,22,0,1
BRDA:155,23,0,2
BRDA:157,24,0,6
BRDA:160,25,0,1
BRDA:163,26,0,1
BRDA:166,27,0,2
BRDA:168,28,0,1
BRDA:168,29,0,1
BRDA:168,30,0,1
BRDA:170,31,0,1
BRDA:173,32,0,1
BRF:33
BRH:32
end_of_record
TN:
SF:src\shared\errors\app-error.ts
FN:1,<instance_members_initializer>
FN:6,AppError
FNF:2
FNH:2
FNDA:42,<instance_members_initializer>
FNDA:42,AppError
DA:1,1
DA:2,42
DA:3,42
DA:4,42
DA:6,42
DA:7,42
DA:8,42
DA:9,42
DA:10,42
DA:11,42
DA:12,42
DA:13,42
LF:12
LH:12
BRDA:1,0,0,42
BRDA:6,1,0,42
BRF:2
BRH:2
end_of_record
TN:
SF:src\shared\errors\conflict.error.ts
FN:4,ConflictError
FNF:1
FNH:1
FNDA:5,ConflictError
DA:1,1
DA:3,1
DA:4,1
DA:5,5
DA:6,5
DA:7,1
LF:6
LH:6
BRDA:4,0,0,5
BRF:1
BRH:1
end_of_record
TN:
SF:src\shared\errors\not-found.error.ts
FN:4,NotFoundError
FNF:1
FNH:1
FNDA:10,NotFoundError
DA:1,1
DA:3,1
DA:4,1
DA:5,10
DA:6,10
DA:7,1
LF:6
LH:6
BRDA:4,0,0,10
BRF:1
BRH:1
end_of_record
TN:
SF:src\shared\errors\unauthorized.error.ts
FN:4,UnauthorizedError
FNF:1
FNH:1
FNDA:6,UnauthorizedError
DA:1,1
DA:3,1
DA:4,1
DA:5,6
DA:6,6
DA:7,1
LF:6
LH:6
BRDA:4,0,0,6
BRF:1
BRH:1
end_of_record
TN:
SF:src\utils\async-handler.util.ts
FN:6,asyncHandler
FNF:1
FNH:1
FNDA:135,asyncHandler
DA:5,1
DA:6,1
DA:7,135
DA:8,25
DA:9,25
LF:5
LH:5
BRDA:6,0,0,135
BRDA:7,1,0,25
BRF:2
BRH:2
end_of_record
TN:
SF:src\utils\crypto.util.ts
FN:3,randomToken
FN:7,sha256
FN:11,randomTempPassword
FNF:3
FNH:3
FNDA:4,randomToken
FNDA:5,sha256
FNDA:4,randomTempPassword
DA:1,1
DA:3,1
DA:4,4
DA:5,4
DA:7,1
DA:8,5
DA:9,5
DA:11,1
DA:12,4
DA:13,4
LF:10
LH:10
BRDA:3,0,0,4
BRDA:7,1,0,5
BRDA:11,2,0,4
BRF:3
BRH:3
end_of_record
TN:
SF:src\utils\jwt.util.ts
FN:10,signJwt
FN:14,verifyJwt
FNF:2
FNH:2
FNDA:5,signJwt
FNDA:4,verifyJwt
DA:1,1
DA:2,1
DA:10,1
DA:11,5
DA:12,5
DA:14,1
DA:15,4
DA:16,4
LF:8
LH:8
BRDA:10,0,0,5
BRDA:14,1,0,4
BRF:2
BRH:2
end_of_record
